<?xml version="1.0" encoding="UTF-8"?>
<!-- Generated by org.testng.reporters.JUnitReportReporter -->
<testsuite hostname="LAPTOP-T8FKKRQ2" failures="0" tests="1" name="PathAndQueryParameters.QueryandPathParameters" time="2.340" errors="0" timestamp="2023-01-12T20:30:16 IST" skipped="0">
  <testcase classname="PathAndQueryParameters.QueryandPathParameters" name="testQueryandPathParameters" time="2.340"/>
  <system-out/>
</testsuite> <!-- PathAndQueryParameters.QueryandPathParameters -->
