<?xml version="1.0" encoding="UTF-8"?>
<!-- Generated by org.testng.reporters.JUnitReportReporter -->
<testsuite hostname="LAPTOP-T8FKKRQ2" failures="0" tests="4" name="HTTPRequestsPkg.DifferentWaysToCreatePostRequets" time="4.504" errors="0" timestamp="2023-01-08T18:23:15 IST" skipped="0">
  <testcase classname="HTTPRequestsPkg.DifferentWaysToCreatePostRequets" name="postRequestUsingOrgJson" time="0.752"/>
  <system-out/>
  <testcase classname="HTTPRequestsPkg.DifferentWaysToCreatePostRequets" name="postRequestUsingjson" time="0.514"/>
  <system-out/>
  <testcase classname="HTTPRequestsPkg.DifferentWaysToCreatePostRequets" name="postRequestUsingHashMap" time="2.601"/>
  <system-out/>
  <testcase classname="HTTPRequestsPkg.DifferentWaysToCreatePostRequets" name="postRequestUsingPOJOClass" time="0.637"/>
  <system-out/>
</testsuite> <!-- HTTPRequestsPkg.DifferentWaysToCreatePostRequets -->
