<?xml version="1.0" encoding="UTF-8"?>
<!-- Generated by org.testng.reporters.JUnitReportReporter -->
<testsuite hostname="LAPTOP-T8FKKRQ2" failures="0" tests="5" name="HTTPRequestsPkg.HTTPRequets" time="5.428" errors="0" timestamp="2024-12-02T21:49:33 IST" skipped="0">
  <testcase classname="HTTPRequestsPkg.HTTPRequets" name="getUsers" time="2.593"/>
  <system-out/>
  <testcase classname="HTTPRequestsPkg.HTTPRequets" name="createUser" time="0.931"/>
  <system-out/>
  <testcase classname="HTTPRequestsPkg.HTTPRequets" name="updateUser" time="0.778"/>
  <system-out/>
  <testcase classname="HTTPRequestsPkg.HTTPRequets" name="getSingleUser" time="0.333"/>
  <system-out/>
  <testcase classname="HTTPRequestsPkg.HTTPRequets" name="deleteUser" time="0.793"/>
  <system-out/>
</testsuite> <!-- HTTPRequestsPkg.HTTPRequets -->
